TN:
SF:/Users/khallad/Documents/Nexiot/source/frontend-developer/notebook-app/solution/notebook/src/common-constants.ts
FN:1,(anonymous_0)
FNF:1
FNH:1
FNDA:15,(anonymous_0)
DA:2,15
DA:3,15
DA:4,15
DA:5,15
DA:6,15
DA:7,15
LF:6
LH:6
BRF:0
BRH:0
end_of_record
TN:
SF:/Users/khallad/Documents/Nexiot/source/frontend-developer/notebook-app/solution/notebook/src/polyfills.ts
FNF:0
FNH:0
LF:0
LH:0
BRF:0
BRH:0
end_of_record
TN:
SF:/Users/khallad/Documents/Nexiot/source/frontend-developer/notebook-app/solution/notebook/src/test.ts
FNF:0
FNH:0
DA:13,1
DA:18,1
DA:20,1
LF:3
LH:3
BRF:0
BRH:0
end_of_record
TN:
SF:/Users/khallad/Documents/Nexiot/source/frontend-developer/notebook-app/solution/notebook/src/app/app.component.ts
FN:20,(anonymous_0)
FN:29,(anonymous_1)
FN:41,(anonymous_2)
FN:43,(anonymous_4)
FN:44,(anonymous_5)
FN:52,(anonymous_6)
FN:63,(anonymous_7)
FN:73,(anonymous_8)
FNF:8
FNH:4
FNDA:4,(anonymous_0)
FNDA:5,(anonymous_1)
FNDA:4,(anonymous_2)
FNDA:4,(anonymous_4)
FNDA:0,(anonymous_5)
FNDA:0,(anonymous_6)
FNDA:0,(anonymous_7)
FNDA:0,(anonymous_8)
DA:13,1
DA:14,4
DA:15,4
DA:16,4
DA:17,4
DA:20,4
DA:21,4
DA:22,4
DA:30,5
DA:31,1
DA:32,1
DA:34,4
DA:42,4
DA:43,4
DA:44,0
DA:53,0
DA:54,0
DA:55,0
DA:56,0
DA:64,0
DA:65,0
DA:66,0
DA:75,0
DA:76,0
DA:77,0
DA:79,0
DA:80,0
DA:82,0
LF:28
LH:14
BRDA:30,0,0,1
BRDA:30,0,1,4
BRDA:75,1,0,0
BRDA:75,1,1,0
BRF:4
BRH:2
end_of_record
TN:
SF:/Users/khallad/Documents/Nexiot/source/frontend-developer/notebook-app/solution/notebook/src/app/interfaces/Directions.ts
FN:1,(anonymous_0)
FNF:1
FNH:1
FNDA:1,(anonymous_0)
DA:1,1
DA:2,1
DA:3,1
LF:3
LH:3
BRDA:1,0,0,1
BRDA:1,0,1,1
BRF:2
BRH:2
end_of_record
TN:
SF:/Users/khallad/Documents/Nexiot/source/frontend-developer/notebook-app/solution/notebook/src/app/note/note.component.ts
FN:21,(anonymous_0)
FN:23,(anonymous_1)
FN:25,(anonymous_2)
FN:31,(anonymous_3)
FN:38,(anonymous_4)
FN:46,(anonymous_5)
FNF:6
FNH:1
FNDA:1,(anonymous_0)
FNDA:0,(anonymous_1)
FNDA:0,(anonymous_2)
FNDA:0,(anonymous_3)
FNDA:0,(anonymous_4)
FNDA:0,(anonymous_5)
DA:12,1
DA:13,1
DA:14,1
DA:17,1
DA:18,1
DA:19,1
DA:21,1
DA:26,0
DA:27,0
DA:32,0
DA:39,0
DA:40,0
DA:47,0
DA:48,0
LF:14
LH:7
BRDA:26,0,0,0
BRDA:26,0,1,0
BRDA:27,1,0,0
BRDA:27,1,1,0
BRF:4
BRH:0
end_of_record
TN:
SF:/Users/khallad/Documents/Nexiot/source/frontend-developer/notebook-app/solution/notebook/src/app/services/note.service.ts
FN:7,(anonymous_0)
FN:23,(anonymous_1)
FN:37,(anonymous_2)
FN:54,(anonymous_3)
FN:67,(anonymous_4)
FNF:5
FNH:4
FNDA:11,(anonymous_0)
FNDA:4,(anonymous_1)
FNDA:4,(anonymous_2)
FNDA:5,(anonymous_3)
FNDA:0,(anonymous_4)
DA:11,1
DA:13,11
DA:14,11
DA:17,11
DA:24,4
DA:25,4
DA:26,0
DA:30,4
DA:38,4
DA:39,4
DA:41,4
DA:42,4
DA:43,4
DA:45,0
DA:46,0
DA:55,5
DA:56,5
DA:57,5
DA:58,5
DA:59,5
DA:68,0
LF:21
LH:17
BRDA:25,0,0,0
BRDA:25,0,1,4
BRDA:39,1,0,4
BRDA:39,1,1,0
BRDA:56,2,0,5
BRDA:56,2,1,0
BRF:6
BRH:3
end_of_record
TN:
SF:/Users/khallad/Documents/Nexiot/source/frontend-developer/notebook-app/solution/notebook/src/environments/environment.ts
FNF:0
FNH:0
DA:5,1
DA:17,1
DA:21,1
LF:3
LH:3
BRF:0
BRH:0
end_of_record
